

Started GET "/" for 127.0.0.1 at 2014-11-01 19:38:18 +0800

Mysql2::Error (Can't connect to local MySQL server through socket '/tmp/mysql.sock' (2)):
  mysql2 (0.3.16) lib/mysql2/client.rb:70:in `connect'
  mysql2 (0.3.16) lib/mysql2/client.rb:70:in `initialize'
  activerecord (4.1.5) lib/active_record/connection_adapters/mysql2_adapter.rb:18:in `new'
  activerecord (4.1.5) lib/active_record/connection_adapters/mysql2_adapter.rb:18:in `mysql2_connection'
  activerecord (4.1.5) lib/active_record/connection_adapters/abstract/connection_pool.rb:435:in `new_connection'
  activerecord (4.1.5) lib/active_record/connection_adapters/abstract/connection_pool.rb:445:in `checkout_new_connection'
  activerecord (4.1.5) lib/active_record/connection_adapters/abstract/connection_pool.rb:416:in `acquire_connection'
  activerecord (4.1.5) lib/active_record/connection_adapters/abstract/connection_pool.rb:351:in `block in checkout'
  /Users/Mac/.rvm/rubies/ruby-2.1.2/lib/ruby/2.1.0/monitor.rb:211:in `mon_synchronize'
  activerecord (4.1.5) lib/active_record/connection_adapters/abstract/connection_pool.rb:350:in `checkout'
  activerecord (4.1.5) lib/active_record/connection_adapters/abstract/connection_pool.rb:265:in `block in connection'
  /Users/Mac/.rvm/rubies/ruby-2.1.2/lib/ruby/2.1.0/monitor.rb:211:in `mon_synchronize'
  activerecord (4.1.5) lib/active_record/connection_adapters/abstract/connection_pool.rb:264:in `connection'
  activerecord (4.1.5) lib/active_record/connection_adapters/abstract/connection_pool.rb:541:in `retrieve_connection'
  activerecord (4.1.5) lib/active_record/connection_handling.rb:113:in `retrieve_connection'
  activerecord (4.1.5) lib/active_record/connection_handling.rb:87:in `connection'
  activerecord (4.1.5) lib/active_record/migration.rb:388:in `check_pending!'
  activerecord (4.1.5) lib/active_record/migration.rb:377:in `call'
  actionpack (4.1.5) lib/action_dispatch/middleware/callbacks.rb:29:in `block in call'
  activesupport (4.1.5) lib/active_support/callbacks.rb:82:in `run_callbacks'
  actionpack (4.1.5) lib/action_dispatch/middleware/callbacks.rb:27:in `call'
  actionpack (4.1.5) lib/action_dispatch/middleware/reloader.rb:73:in `call'
  actionpack (4.1.5) lib/action_dispatch/middleware/remote_ip.rb:76:in `call'
  actionpack (4.1.5) lib/action_dispatch/middleware/debug_exceptions.rb:17:in `call'
  actionpack (4.1.5) lib/action_dispatch/middleware/show_exceptions.rb:30:in `call'
  railties (4.1.5) lib/rails/rack/logger.rb:38:in `call_app'
  railties (4.1.5) lib/rails/rack/logger.rb:20:in `block in call'
  activesupport (4.1.5) lib/active_support/tagged_logging.rb:68:in `block in tagged'
  activesupport (4.1.5) lib/active_support/tagged_logging.rb:26:in `tagged'
  activesupport (4.1.5) lib/active_support/tagged_logging.rb:68:in `tagged'
  railties (4.1.5) lib/rails/rack/logger.rb:20:in `call'
  actionpack (4.1.5) lib/action_dispatch/middleware/request_id.rb:21:in `call'
  rack (1.5.2) lib/rack/methodoverride.rb:21:in `call'
  rack (1.5.2) lib/rack/runtime.rb:17:in `call'
  activesupport (4.1.5) lib/active_support/cache/strategy/local_cache_middleware.rb:26:in `call'
  rack (1.5.2) lib/rack/lock.rb:17:in `call'
  actionpack (4.1.5) lib/action_dispatch/middleware/static.rb:64:in `call'
  rack (1.5.2) lib/rack/sendfile.rb:112:in `call'
  railties (4.1.5) lib/rails/engine.rb:514:in `call'
  railties (4.1.5) lib/rails/application.rb:144:in `call'
  rack (1.5.2) lib/rack/content_length.rb:14:in `call'
  thin (1.6.2) lib/thin/connection.rb:86:in `block in pre_process'
  thin (1.6.2) lib/thin/connection.rb:84:in `catch'
  thin (1.6.2) lib/thin/connection.rb:84:in `pre_process'
  thin (1.6.2) lib/thin/connection.rb:53:in `process'
  thin (1.6.2) lib/thin/connection.rb:39:in `receive_data'
  eventmachine (1.0.3) lib/eventmachine.rb:187:in `run_machine'
  eventmachine (1.0.3) lib/eventmachine.rb:187:in `run'
  thin (1.6.2) lib/thin/backends/base.rb:73:in `start'
  thin (1.6.2) lib/thin/server.rb:162:in `start'
  rack (1.5.2) lib/rack/handler/thin.rb:16:in `run'
  rack (1.5.2) lib/rack/server.rb:264:in `start'
  railties (4.1.5) lib/rails/commands/server.rb:69:in `start'
  railties (4.1.5) lib/rails/commands/commands_tasks.rb:81:in `block in server'
  railties (4.1.5) lib/rails/commands/commands_tasks.rb:76:in `tap'
  railties (4.1.5) lib/rails/commands/commands_tasks.rb:76:in `server'
  railties (4.1.5) lib/rails/commands/commands_tasks.rb:40:in `run_command!'
  railties (4.1.5) lib/rails/commands.rb:17:in `<top (required)>'
  bin/rails:4:in `require'
  bin/rails:4:in `<main>'


  Rendered /Users/Mac/.rvm/gems/ruby-2.1.2/gems/actionpack-4.1.5/lib/action_dispatch/middleware/templates/rescues/_source.erb (0.5ms)
  Rendered /Users/Mac/.rvm/gems/ruby-2.1.2/gems/actionpack-4.1.5/lib/action_dispatch/middleware/templates/rescues/_trace.html.erb (1.1ms)
  Rendered /Users/Mac/.rvm/gems/ruby-2.1.2/gems/actionpack-4.1.5/lib/action_dispatch/middleware/templates/rescues/_request_and_response.html.erb (0.8ms)
  Rendered /Users/Mac/.rvm/gems/ruby-2.1.2/gems/actionpack-4.1.5/lib/action_dispatch/middleware/templates/rescues/diagnostics.erb within rescues/layout (20.6ms)


Started GET "/" for 127.0.0.1 at 2014-11-01 20:10:14 +0800

Mysql2::Error (Access denied for user 'root'@'localhost' (using password: YES)):
  mysql2 (0.3.16) lib/mysql2/client.rb:70:in `connect'
  mysql2 (0.3.16) lib/mysql2/client.rb:70:in `initialize'
  activerecord (4.1.5) lib/active_record/connection_adapters/mysql2_adapter.rb:18:in `new'
  activerecord (4.1.5) lib/active_record/connection_adapters/mysql2_adapter.rb:18:in `mysql2_connection'
  activerecord (4.1.5) lib/active_record/connection_adapters/abstract/connection_pool.rb:435:in `new_connection'
  activerecord (4.1.5) lib/active_record/connection_adapters/abstract/connection_pool.rb:445:in `checkout_new_connection'
  activerecord (4.1.5) lib/active_record/connection_adapters/abstract/connection_pool.rb:416:in `acquire_connection'
  activerecord (4.1.5) lib/active_record/connection_adapters/abstract/connection_pool.rb:351:in `block in checkout'
  /Users/Mac/.rvm/rubies/ruby-2.1.2/lib/ruby/2.1.0/monitor.rb:211:in `mon_synchronize'
  activerecord (4.1.5) lib/active_record/connection_adapters/abstract/connection_pool.rb:350:in `checkout'
  activerecord (4.1.5) lib/active_record/connection_adapters/abstract/connection_pool.rb:265:in `block in connection'
  /Users/Mac/.rvm/rubies/ruby-2.1.2/lib/ruby/2.1.0/monitor.rb:211:in `mon_synchronize'
  activerecord (4.1.5) lib/active_record/connection_adapters/abstract/connection_pool.rb:264:in `connection'
  activerecord (4.1.5) lib/active_record/connection_adapters/abstract/connection_pool.rb:541:in `retrieve_connection'
  activerecord (4.1.5) lib/active_record/connection_handling.rb:113:in `retrieve_connection'
  activerecord (4.1.5) lib/active_record/connection_handling.rb:87:in `connection'
  activerecord (4.1.5) lib/active_record/migration.rb:388:in `check_pending!'
  activerecord (4.1.5) lib/active_record/migration.rb:377:in `call'
  actionpack (4.1.5) lib/action_dispatch/middleware/callbacks.rb:29:in `block in call'
  activesupport (4.1.5) lib/active_support/callbacks.rb:82:in `run_callbacks'
  actionpack (4.1.5) lib/action_dispatch/middleware/callbacks.rb:27:in `call'
  actionpack (4.1.5) lib/action_dispatch/middleware/reloader.rb:73:in `call'
  actionpack (4.1.5) lib/action_dispatch/middleware/remote_ip.rb:76:in `call'
  actionpack (4.1.5) lib/action_dispatch/middleware/debug_exceptions.rb:17:in `call'
  actionpack (4.1.5) lib/action_dispatch/middleware/show_exceptions.rb:30:in `call'
  railties (4.1.5) lib/rails/rack/logger.rb:38:in `call_app'
  railties (4.1.5) lib/rails/rack/logger.rb:20:in `block in call'
  activesupport (4.1.5) lib/active_support/tagged_logging.rb:68:in `block in tagged'
  activesupport (4.1.5) lib/active_support/tagged_logging.rb:26:in `tagged'
  activesupport (4.1.5) lib/active_support/tagged_logging.rb:68:in `tagged'
  railties (4.1.5) lib/rails/rack/logger.rb:20:in `call'
  actionpack (4.1.5) lib/action_dispatch/middleware/request_id.rb:21:in `call'
  rack (1.5.2) lib/rack/methodoverride.rb:21:in `call'
  rack (1.5.2) lib/rack/runtime.rb:17:in `call'
  activesupport (4.1.5) lib/active_support/cache/strategy/local_cache_middleware.rb:26:in `call'
  rack (1.5.2) lib/rack/lock.rb:17:in `call'
  actionpack (4.1.5) lib/action_dispatch/middleware/static.rb:64:in `call'
  rack (1.5.2) lib/rack/sendfile.rb:112:in `call'
  railties (4.1.5) lib/rails/engine.rb:514:in `call'
  railties (4.1.5) lib/rails/application.rb:144:in `call'
  rack (1.5.2) lib/rack/content_length.rb:14:in `call'
  thin (1.6.2) lib/thin/connection.rb:86:in `block in pre_process'
  thin (1.6.2) lib/thin/connection.rb:84:in `catch'
  thin (1.6.2) lib/thin/connection.rb:84:in `pre_process'
  thin (1.6.2) lib/thin/connection.rb:53:in `process'
  thin (1.6.2) lib/thin/connection.rb:39:in `receive_data'
  eventmachine (1.0.3) lib/eventmachine.rb:187:in `run_machine'
  eventmachine (1.0.3) lib/eventmachine.rb:187:in `run'
  thin (1.6.2) lib/thin/backends/base.rb:73:in `start'
  thin (1.6.2) lib/thin/server.rb:162:in `start'
  rack (1.5.2) lib/rack/handler/thin.rb:16:in `run'
  rack (1.5.2) lib/rack/server.rb:264:in `start'
  railties (4.1.5) lib/rails/commands/server.rb:69:in `start'
  railties (4.1.5) lib/rails/commands/commands_tasks.rb:81:in `block in server'
  railties (4.1.5) lib/rails/commands/commands_tasks.rb:76:in `tap'
  railties (4.1.5) lib/rails/commands/commands_tasks.rb:76:in `server'
  railties (4.1.5) lib/rails/commands/commands_tasks.rb:40:in `run_command!'
  railties (4.1.5) lib/rails/commands.rb:17:in `<top (required)>'
  bin/rails:4:in `require'
  bin/rails:4:in `<main>'


  Rendered /Users/Mac/.rvm/gems/ruby-2.1.2/gems/actionpack-4.1.5/lib/action_dispatch/middleware/templates/rescues/_source.erb (0.5ms)
  Rendered /Users/Mac/.rvm/gems/ruby-2.1.2/gems/actionpack-4.1.5/lib/action_dispatch/middleware/templates/rescues/_trace.html.erb (1.1ms)
  Rendered /Users/Mac/.rvm/gems/ruby-2.1.2/gems/actionpack-4.1.5/lib/action_dispatch/middleware/templates/rescues/_request_and_response.html.erb (0.9ms)
  Rendered /Users/Mac/.rvm/gems/ruby-2.1.2/gems/actionpack-4.1.5/lib/action_dispatch/middleware/templates/rescues/diagnostics.erb within rescues/layout (15.6ms)


Started GET "/" for 127.0.0.1 at 2014-11-01 20:22:00 +0800

Mysql2::Error (Access denied for user 'root'@'localhost' (using password: YES)):
  mysql2 (0.3.16) lib/mysql2/client.rb:70:in `connect'
  mysql2 (0.3.16) lib/mysql2/client.rb:70:in `initialize'
  activerecord (4.1.5) lib/active_record/connection_adapters/mysql2_adapter.rb:18:in `new'
  activerecord (4.1.5) lib/active_record/connection_adapters/mysql2_adapter.rb:18:in `mysql2_connection'
  activerecord (4.1.5) lib/active_record/connection_adapters/abstract/connection_pool.rb:435:in `new_connection'
  activerecord (4.1.5) lib/active_record/connection_adapters/abstract/connection_pool.rb:445:in `checkout_new_connection'
  activerecord (4.1.5) lib/active_record/connection_adapters/abstract/connection_pool.rb:416:in `acquire_connection'
  activerecord (4.1.5) lib/active_record/connection_adapters/abstract/connection_pool.rb:351:in `block in checkout'
  /Users/Mac/.rvm/rubies/ruby-2.1.2/lib/ruby/2.1.0/monitor.rb:211:in `mon_synchronize'
  activerecord (4.1.5) lib/active_record/connection_adapters/abstract/connection_pool.rb:350:in `checkout'
  activerecord (4.1.5) lib/active_record/connection_adapters/abstract/connection_pool.rb:265:in `block in connection'
  /Users/Mac/.rvm/rubies/ruby-2.1.2/lib/ruby/2.1.0/monitor.rb:211:in `mon_synchronize'
  activerecord (4.1.5) lib/active_record/connection_adapters/abstract/connection_pool.rb:264:in `connection'
  activerecord (4.1.5) lib/active_record/connection_adapters/abstract/connection_pool.rb:541:in `retrieve_connection'
  activerecord (4.1.5) lib/active_record/connection_handling.rb:113:in `retrieve_connection'
  activerecord (4.1.5) lib/active_record/connection_handling.rb:87:in `connection'
  activerecord (4.1.5) lib/active_record/migration.rb:388:in `check_pending!'
  activerecord (4.1.5) lib/active_record/migration.rb:377:in `call'
  actionpack (4.1.5) lib/action_dispatch/middleware/callbacks.rb:29:in `block in call'
  activesupport (4.1.5) lib/active_support/callbacks.rb:82:in `run_callbacks'
  actionpack (4.1.5) lib/action_dispatch/middleware/callbacks.rb:27:in `call'
  actionpack (4.1.5) lib/action_dispatch/middleware/reloader.rb:73:in `call'
  actionpack (4.1.5) lib/action_dispatch/middleware/remote_ip.rb:76:in `call'
  actionpack (4.1.5) lib/action_dispatch/middleware/debug_exceptions.rb:17:in `call'
  actionpack (4.1.5) lib/action_dispatch/middleware/show_exceptions.rb:30:in `call'
  railties (4.1.5) lib/rails/rack/logger.rb:38:in `call_app'
  railties (4.1.5) lib/rails/rack/logger.rb:20:in `block in call'
  activesupport (4.1.5) lib/active_support/tagged_logging.rb:68:in `block in tagged'
  activesupport (4.1.5) lib/active_support/tagged_logging.rb:26:in `tagged'
  activesupport (4.1.5) lib/active_support/tagged_logging.rb:68:in `tagged'
  railties (4.1.5) lib/rails/rack/logger.rb:20:in `call'
  actionpack (4.1.5) lib/action_dispatch/middleware/request_id.rb:21:in `call'
  rack (1.5.2) lib/rack/methodoverride.rb:21:in `call'
  rack (1.5.2) lib/rack/runtime.rb:17:in `call'
  activesupport (4.1.5) lib/active_support/cache/strategy/local_cache_middleware.rb:26:in `call'
  rack (1.5.2) lib/rack/lock.rb:17:in `call'
  actionpack (4.1.5) lib/action_dispatch/middleware/static.rb:64:in `call'
  rack (1.5.2) lib/rack/sendfile.rb:112:in `call'
  railties (4.1.5) lib/rails/engine.rb:514:in `call'
  railties (4.1.5) lib/rails/application.rb:144:in `call'
  rack (1.5.2) lib/rack/content_length.rb:14:in `call'
  thin (1.6.2) lib/thin/connection.rb:86:in `block in pre_process'
  thin (1.6.2) lib/thin/connection.rb:84:in `catch'
  thin (1.6.2) lib/thin/connection.rb:84:in `pre_process'
  thin (1.6.2) lib/thin/connection.rb:53:in `process'
  thin (1.6.2) lib/thin/connection.rb:39:in `receive_data'
  eventmachine (1.0.3) lib/eventmachine.rb:187:in `run_machine'
  eventmachine (1.0.3) lib/eventmachine.rb:187:in `run'
  thin (1.6.2) lib/thin/backends/base.rb:73:in `start'
  thin (1.6.2) lib/thin/server.rb:162:in `start'
  rack (1.5.2) lib/rack/handler/thin.rb:16:in `run'
  rack (1.5.2) lib/rack/server.rb:264:in `start'
  railties (4.1.5) lib/rails/commands/server.rb:69:in `start'
  railties (4.1.5) lib/rails/commands/commands_tasks.rb:81:in `block in server'
  railties (4.1.5) lib/rails/commands/commands_tasks.rb:76:in `tap'
  railties (4.1.5) lib/rails/commands/commands_tasks.rb:76:in `server'
  railties (4.1.5) lib/rails/commands/commands_tasks.rb:40:in `run_command!'
  railties (4.1.5) lib/rails/commands.rb:17:in `<top (required)>'
  bin/rails:4:in `require'
  bin/rails:4:in `<main>'


  Rendered /Users/Mac/.rvm/gems/ruby-2.1.2/gems/actionpack-4.1.5/lib/action_dispatch/middleware/templates/rescues/_source.erb (0.5ms)
  Rendered /Users/Mac/.rvm/gems/ruby-2.1.2/gems/actionpack-4.1.5/lib/action_dispatch/middleware/templates/rescues/_trace.html.erb (1.1ms)
  Rendered /Users/Mac/.rvm/gems/ruby-2.1.2/gems/actionpack-4.1.5/lib/action_dispatch/middleware/templates/rescues/_request_and_response.html.erb (0.9ms)
  Rendered /Users/Mac/.rvm/gems/ruby-2.1.2/gems/actionpack-4.1.5/lib/action_dispatch/middleware/templates/rescues/diagnostics.erb within rescues/layout (14.8ms)


Started GET "/" for 127.0.0.1 at 2014-11-01 21:25:36 +0800

ActiveRecord::NoDatabaseError (Unknown database 'blog_development'Run `$ bin/rake db:create db:migrate` to create your database):
  activerecord (4.1.5) lib/active_record/connection_adapters/mysql2_adapter.rb:23:in `rescue in mysql2_connection'
  activerecord (4.1.5) lib/active_record/connection_adapters/mysql2_adapter.rb:10:in `mysql2_connection'
  activerecord (4.1.5) lib/active_record/connection_adapters/abstract/connection_pool.rb:435:in `new_connection'
  activerecord (4.1.5) lib/active_record/connection_adapters/abstract/connection_pool.rb:445:in `checkout_new_connection'
  activerecord (4.1.5) lib/active_record/connection_adapters/abstract/connection_pool.rb:416:in `acquire_connection'
  activerecord (4.1.5) lib/active_record/connection_adapters/abstract/connection_pool.rb:351:in `block in checkout'
  /Users/Mac/.rvm/rubies/ruby-2.1.2/lib/ruby/2.1.0/monitor.rb:211:in `mon_synchronize'
  activerecord (4.1.5) lib/active_record/connection_adapters/abstract/connection_pool.rb:350:in `checkout'
  activerecord (4.1.5) lib/active_record/connection_adapters/abstract/connection_pool.rb:265:in `block in connection'
  /Users/Mac/.rvm/rubies/ruby-2.1.2/lib/ruby/2.1.0/monitor.rb:211:in `mon_synchronize'
  activerecord (4.1.5) lib/active_record/connection_adapters/abstract/connection_pool.rb:264:in `connection'
  activerecord (4.1.5) lib/active_record/connection_adapters/abstract/connection_pool.rb:541:in `retrieve_connection'
  activerecord (4.1.5) lib/active_record/connection_handling.rb:113:in `retrieve_connection'
  activerecord (4.1.5) lib/active_record/connection_handling.rb:87:in `connection'
  activerecord (4.1.5) lib/active_record/migration.rb:388:in `check_pending!'
  activerecord (4.1.5) lib/active_record/migration.rb:377:in `call'
  actionpack (4.1.5) lib/action_dispatch/middleware/callbacks.rb:29:in `block in call'
  activesupport (4.1.5) lib/active_support/callbacks.rb:82:in `run_callbacks'
  actionpack (4.1.5) lib/action_dispatch/middleware/callbacks.rb:27:in `call'
  actionpack (4.1.5) lib/action_dispatch/middleware/reloader.rb:73:in `call'
  actionpack (4.1.5) lib/action_dispatch/middleware/remote_ip.rb:76:in `call'
  actionpack (4.1.5) lib/action_dispatch/middleware/debug_exceptions.rb:17:in `call'
  actionpack (4.1.5) lib/action_dispatch/middleware/show_exceptions.rb:30:in `call'
  railties (4.1.5) lib/rails/rack/logger.rb:38:in `call_app'
  railties (4.1.5) lib/rails/rack/logger.rb:20:in `block in call'
  activesupport (4.1.5) lib/active_support/tagged_logging.rb:68:in `block in tagged'
  activesupport (4.1.5) lib/active_support/tagged_logging.rb:26:in `tagged'
  activesupport (4.1.5) lib/active_support/tagged_logging.rb:68:in `tagged'
  railties (4.1.5) lib/rails/rack/logger.rb:20:in `call'
  actionpack (4.1.5) lib/action_dispatch/middleware/request_id.rb:21:in `call'
  rack (1.5.2) lib/rack/methodoverride.rb:21:in `call'
  rack (1.5.2) lib/rack/runtime.rb:17:in `call'
  activesupport (4.1.5) lib/active_support/cache/strategy/local_cache_middleware.rb:26:in `call'
  rack (1.5.2) lib/rack/lock.rb:17:in `call'
  actionpack (4.1.5) lib/action_dispatch/middleware/static.rb:64:in `call'
  rack (1.5.2) lib/rack/sendfile.rb:112:in `call'
  railties (4.1.5) lib/rails/engine.rb:514:in `call'
  railties (4.1.5) lib/rails/application.rb:144:in `call'
  rack (1.5.2) lib/rack/content_length.rb:14:in `call'
  thin (1.6.2) lib/thin/connection.rb:86:in `block in pre_process'
  thin (1.6.2) lib/thin/connection.rb:84:in `catch'
  thin (1.6.2) lib/thin/connection.rb:84:in `pre_process'
  thin (1.6.2) lib/thin/connection.rb:53:in `process'
  thin (1.6.2) lib/thin/connection.rb:39:in `receive_data'
  eventmachine (1.0.3) lib/eventmachine.rb:187:in `run_machine'
  eventmachine (1.0.3) lib/eventmachine.rb:187:in `run'
  thin (1.6.2) lib/thin/backends/base.rb:73:in `start'
  thin (1.6.2) lib/thin/server.rb:162:in `start'
  rack (1.5.2) lib/rack/handler/thin.rb:16:in `run'
  rack (1.5.2) lib/rack/server.rb:264:in `start'
  railties (4.1.5) lib/rails/commands/server.rb:69:in `start'
  railties (4.1.5) lib/rails/commands/commands_tasks.rb:81:in `block in server'
  railties (4.1.5) lib/rails/commands/commands_tasks.rb:76:in `tap'
  railties (4.1.5) lib/rails/commands/commands_tasks.rb:76:in `server'
  railties (4.1.5) lib/rails/commands/commands_tasks.rb:40:in `run_command!'
  railties (4.1.5) lib/rails/commands.rb:17:in `<top (required)>'
  bin/rails:4:in `require'
  bin/rails:4:in `<main>'


  Rendered /Users/Mac/.rvm/gems/ruby-2.1.2/gems/actionpack-4.1.5/lib/action_dispatch/middleware/templates/rescues/_source.erb (0.5ms)
  Rendered /Users/Mac/.rvm/gems/ruby-2.1.2/gems/actionpack-4.1.5/lib/action_dispatch/middleware/templates/rescues/_trace.html.erb (1.0ms)
  Rendered /Users/Mac/.rvm/gems/ruby-2.1.2/gems/actionpack-4.1.5/lib/action_dispatch/middleware/templates/rescues/_request_and_response.html.erb (0.9ms)
  Rendered /Users/Mac/.rvm/gems/ruby-2.1.2/gems/actionpack-4.1.5/lib/action_dispatch/middleware/templates/rescues/diagnostics.erb within rescues/layout (15.5ms)
  [1m[36m (83.0ms)[0m  [1mCREATE TABLE `schema_migrations` (`version` varchar(255) NOT NULL) ENGINE=InnoDB[0m
  [1m[35m (95.2ms)[0m  CREATE UNIQUE INDEX `unique_schema_migrations`  ON `schema_migrations` (`version`) 
  [1m[36mActiveRecord::SchemaMigration Load (0.2ms)[0m  [1mSELECT `schema_migrations`.* FROM `schema_migrations`[0m
Migrating to CreateUsers (20140825134700)
  [1m[35m (76.4ms)[0m  CREATE TABLE `users` (`id` int(11) auto_increment PRIMARY KEY, `username` varchar(255), `password_digest` varchar(255), `email` varchar(255), `admin` tinyint(1), `last_login_time` datetime, `last_reply_time` datetime, `created_at` datetime, `updated_at` datetime) ENGINE=InnoDB
  [1m[36m (42.7ms)[0m  [1mCREATE  INDEX `index_users_on_username`  ON `users` (`username`) [0m
  [1m[35m (32.2ms)[0m  CREATE  INDEX `index_users_on_email`  ON `users` (`email`) 
  [1m[36m (0.1ms)[0m  [1mBEGIN[0m
  [1m[35mSQL (0.2ms)[0m  INSERT INTO `schema_migrations` (`version`) VALUES ('20140825134700')
  [1m[36m (0.3ms)[0m  [1mCOMMIT[0m
Migrating to CreateArticles (20140826093600)
  [1m[35m (58.2ms)[0m  CREATE TABLE `articles` (`id` int(11) auto_increment PRIMARY KEY, `user_id` int(11), `title` varchar(255), `tags` varchar(255), `content` text, `view_count` int(11), `star_count` int(11), `comments_count` int(11), `created_at` datetime, `updated_at` datetime) ENGINE=InnoDB
  [1m[36m (33.6ms)[0m  [1mCREATE  INDEX `index_articles_on_user_id`  ON `articles` (`user_id`) [0m
  [1m[35m (32.4ms)[0m  CREATE  INDEX `index_articles_on_title`  ON `articles` (`title`) 
  [1m[36m (32.9ms)[0m  [1mCREATE  INDEX `index_articles_on_view_count`  ON `articles` (`view_count`) [0m
  [1m[35m (32.9ms)[0m  CREATE  INDEX `index_articles_on_star_count`  ON `articles` (`star_count`) 
  [1m[36m (32.8ms)[0m  [1mCREATE  INDEX `index_articles_on_comments_count`  ON `articles` (`comments_count`) [0m
  [1m[35m (32.7ms)[0m  CREATE  INDEX `index_articles_on_created_at`  ON `articles` (`created_at`) 
  [1m[36m (0.1ms)[0m  [1mBEGIN[0m
  [1m[35mSQL (0.1ms)[0m  INSERT INTO `schema_migrations` (`version`) VALUES ('20140826093600')
  [1m[36m (0.2ms)[0m  [1mCOMMIT[0m
Migrating to CreateCategories (20140826093700)
  [1m[35m (30.2ms)[0m  CREATE TABLE `categories` (`id` int(11) auto_increment PRIMARY KEY, `name` varchar(255), `articles_count` int(11), `created_at` datetime, `updated_at` datetime) ENGINE=InnoDB
  [1m[36m (33.7ms)[0m  [1mCREATE  INDEX `index_categories_on_articles_count`  ON `categories` (`articles_count`) [0m
  [1m[35m (0.1ms)[0m  BEGIN
  [1m[36mSQL (0.1ms)[0m  [1mINSERT INTO `schema_migrations` (`version`) VALUES ('20140826093700')[0m
  [1m[35m (0.2ms)[0m  COMMIT
Migrating to AddSourceColumnToArticles (20140826125700)
  [1m[36m (32.0ms)[0m  [1mALTER TABLE `articles` ADD `source` varchar(255)[0m
  [1m[35m (0.1ms)[0m  BEGIN
  [1m[36mSQL (0.1ms)[0m  [1mINSERT INTO `schema_migrations` (`version`) VALUES ('20140826125700')[0m
  [1m[35m (0.3ms)[0m  COMMIT
Migrating to AddCategoryIdColumnToArticles (20140826132200)
  [1m[36m (31.5ms)[0m  [1mALTER TABLE `articles` ADD `category_id` int(11)[0m
  [1m[35m (0.1ms)[0m  BEGIN
  [1m[36mSQL (0.1ms)[0m  [1mINSERT INTO `schema_migrations` (`version`) VALUES ('20140826132200')[0m
  [1m[35m (0.2ms)[0m  COMMIT
Migrating to CreateArticleStars (20140827095400)
  [1m[36m (30.0ms)[0m  [1mCREATE TABLE `article_stars` (`id` int(11) auto_increment PRIMARY KEY, `article_id` int(11), `user_id` int(11), `created_at` datetime, `updated_at` datetime) ENGINE=InnoDB[0m
  [1m[35m (34.7ms)[0m  CREATE  INDEX `index_article_stars_on_article_id_and_user_id`  ON `article_stars` (`article_id`, `user_id`) 
  [1m[36m (0.1ms)[0m  [1mBEGIN[0m
  [1m[35mSQL (0.2ms)[0m  INSERT INTO `schema_migrations` (`version`) VALUES ('20140827095400')
  [1m[36m (0.2ms)[0m  [1mCOMMIT[0m
Migrating to CreateArticleViews (20140827125400)
  [1m[35m (53.4ms)[0m  CREATE TABLE `article_views` (`id` int(11) auto_increment PRIMARY KEY, `article_id` int(11), `user_id` int(11), `ip` varchar(255), `param_string` text, `created_at` datetime, `updated_at` datetime) ENGINE=InnoDB
  [1m[36m (57.0ms)[0m  [1mCREATE  INDEX `index_article_views_on_article_id_and_ip_and_created_at`  ON `article_views` (`article_id`, `ip`, `created_at`) [0m
  [1m[35m (0.1ms)[0m  BEGIN
  [1m[36mSQL (0.1ms)[0m  [1mINSERT INTO `schema_migrations` (`version`) VALUES ('20140827125400')[0m
  [1m[35m (0.2ms)[0m  COMMIT
Migrating to CreateArticleComments (20140827134600)
  [1m[36m (41.6ms)[0m  [1mCREATE TABLE `article_comments` (`id` int(11) auto_increment PRIMARY KEY, `article_id` int(11), `user_id` int(11), `content` text, `created_at` datetime, `updated_at` datetime) ENGINE=InnoDB[0m
  [1m[35m (33.7ms)[0m  CREATE  INDEX `index_article_comments_on_article_id`  ON `article_comments` (`article_id`) 
  [1m[36m (32.8ms)[0m  [1mCREATE  INDEX `index_article_comments_on_user_id`  ON `article_comments` (`user_id`) [0m
  [1m[35m (0.1ms)[0m  BEGIN
  [1m[36mSQL (0.1ms)[0m  [1mINSERT INTO `schema_migrations` (`version`) VALUES ('20140827134600')[0m
  [1m[35m (0.3ms)[0m  COMMIT
Migrating to AddNicknameAndAvatarColumnToUsers (20140831174700)
  [1m[36m (31.4ms)[0m  [1mALTER TABLE `users` ADD `nick_name` varchar(255)[0m
  [1m[35m (33.4ms)[0m  ALTER TABLE `users` ADD `avatar` varchar(255)
  [1m[36m (31.9ms)[0m  [1mCREATE  INDEX `index_users_on_nick_name`  ON `users` (`nick_name`) [0m
  [1m[35m (0.1ms)[0m  BEGIN
  [1m[36mSQL (0.1ms)[0m  [1mINSERT INTO `schema_migrations` (`version`) VALUES ('20140831174700')[0m
  [1m[35m (0.6ms)[0m  COMMIT
Migrating to CreateBlogInfo (20140831194600)
  [1m[36m (77.5ms)[0m  [1mCREATE TABLE `blog_info` (`id` int(11) auto_increment PRIMARY KEY, `name` varchar(255), `blog_title` varchar(255), `email` varchar(255), `description` text) ENGINE=InnoDB[0m
  [1m[35m (0.1ms)[0m  BEGIN
  [1m[36mSQL (0.1ms)[0m  [1mINSERT INTO `schema_migrations` (`version`) VALUES ('20140831194600')[0m
  [1m[35m (0.5ms)[0m  COMMIT
Migrating to AddActivationColumnToUsers (20140908084800)
  [1m[36m (93.7ms)[0m  [1mALTER TABLE `users` ADD `activation` tinyint(1)[0m
  [1m[35m (0.1ms)[0m  BEGIN
  [1m[36mSQL (0.2ms)[0m  [1mINSERT INTO `schema_migrations` (`version`) VALUES ('20140908084800')[0m
  [1m[35m (0.3ms)[0m  COMMIT
Migrating to CreateUserActives (20140908085400)
  [1m[36m (147.7ms)[0m  [1mCREATE TABLE `user_actives` (`id` int(11) auto_increment PRIMARY KEY, `user_id` int(11), `type_name` varchar(255), `token` varchar(255), `used` tinyint(1), `created_at` datetime, `updated_at` datetime) ENGINE=InnoDB[0m
  [1m[35m (0.1ms)[0m  BEGIN
  [1m[36mSQL (0.1ms)[0m  [1mINSERT INTO `schema_migrations` (`version`) VALUES ('20140908085400')[0m
  [1m[35m (0.4ms)[0m  COMMIT
  [1m[36mActiveRecord::SchemaMigration Load (0.1ms)[0m  [1mSELECT `schema_migrations`.* FROM `schema_migrations`[0m
  [1m[36mActiveRecord::SchemaMigration Load (0.2ms)[0m  [1mSELECT `schema_migrations`.* FROM `schema_migrations`[0m
  [1m[35m (0.1ms)[0m  BEGIN
  [1m[36mUser Exists (0.3ms)[0m  [1mSELECT  1 AS one FROM `users`  WHERE `users`.`username` = BINARY 'admin' LIMIT 1[0m
  [1m[35mUser Exists (0.1ms)[0m  SELECT  1 AS one FROM `users`  WHERE `users`.`email` = BINARY '736698959@qq.com' LIMIT 1
  [1m[36mSQL (0.2ms)[0m  [1mINSERT INTO `users` (`activation`, `admin`, `created_at`, `email`, `password_digest`, `updated_at`, `username`) VALUES (1, 1, '2014-11-01 21:41:54', '736698959@qq.com', '$2a$10$eSCqQF8YWVeK6cZWS/C6uO43zYFNMtCYtlY/O4AQaCGxC82E1QetW', '2014-11-01 21:41:54', 'admin')[0m
  [1m[35m (0.4ms)[0m  COMMIT
  [1m[36m (0.1ms)[0m  [1mBEGIN[0m
  [1m[35mSQL (0.1ms)[0m  INSERT INTO `categories` (`created_at`, `name`, `updated_at`) VALUES ('2014-11-01 21:41:54', '默认分类', '2014-11-01 21:41:54')
  [1m[36m (0.2ms)[0m  [1mCOMMIT[0m


Started GET "/" for 127.0.0.1 at 2014-11-01 21:42:53 +0800
  [1m[36mActiveRecord::SchemaMigration Load (0.2ms)[0m  [1mSELECT `schema_migrations`.* FROM `schema_migrations`[0m
Processing by BlogsController#index as HTML
  [1m[35mArticle Load (0.2ms)[0m  SELECT  `articles`.* FROM `articles`   ORDER BY updated_at desc LIMIT 10
  Rendered articles/_articles.html.haml (2.5ms)
  [1m[36mArticleComment Load (0.1ms)[0m  [1mSELECT  `article_comments`.* FROM `article_comments`   ORDER BY updated_at desc LIMIT 10[0m
  Rendered blogs/index.html.haml within layouts/application (18.1ms)
  [1m[35mBlogInfo Load (0.1ms)[0m  SELECT  `blog_info`.* FROM `blog_info`   ORDER BY `blog_info`.`id` ASC LIMIT 1
  [1m[36mCACHE (0.0ms)[0m  [1mSELECT  `blog_info`.* FROM `blog_info`   ORDER BY `blog_info`.`id` ASC LIMIT 1[0m
  Rendered layouts/_footer.html.haml (0.9ms)
Completed 200 OK in 2902ms (Views: 2862.4ms | ActiveRecord: 0.9ms)


Started GET "/assets/application.css?body=1" for 127.0.0.1 at 2014-11-01 21:42:56 +0800


Started GET "/assets/bootstrap.css?body=1" for 127.0.0.1 at 2014-11-01 21:42:56 +0800


Started GET "/assets/_font-awesome.css?body=1" for 127.0.0.1 at 2014-11-01 21:42:56 +0800


Started GET "/assets/_font-awesome-ie7.min.css?body=1" for 127.0.0.1 at 2014-11-01 21:42:56 +0800


Started GET "/assets/register.css?body=1" for 127.0.0.1 at 2014-11-01 21:42:56 +0800


Started GET "/assets/markdown-toolbar.css?body=1" for 127.0.0.1 at 2014-11-01 21:42:56 +0800


Started GET "/assets/jquery.js?body=1" for 127.0.0.1 at 2014-11-01 21:42:56 +0800


Started GET "/assets/turbolinks.js?body=1" for 127.0.0.1 at 2014-11-01 21:42:56 +0800


Started GET "/assets/html5shiv.min.js?body=1" for 127.0.0.1 at 2014-11-01 21:42:56 +0800


Started GET "/assets/twitter/bootstrap/rails/confirm.js?body=1" for 127.0.0.1 at 2014-11-01 21:42:56 +0800


Started GET "/assets/bootstrap.js?body=1" for 127.0.0.1 at 2014-11-01 21:42:56 +0800


Started GET "/assets/respond.min.js?body=1" for 127.0.0.1 at 2014-11-01 21:42:56 +0800


Started GET "/assets/jquery_ujs.js?body=1" for 127.0.0.1 at 2014-11-01 21:42:56 +0800


Started GET "/assets/jquery-fieldselection.js?body=1" for 127.0.0.1 at 2014-11-01 21:42:56 +0800


Started GET "/assets/markdown-toolbar-buttons.js?body=1" for 127.0.0.1 at 2014-11-01 21:42:56 +0800


Started GET "/assets/markdown-toolbar.js?body=1" for 127.0.0.1 at 2014-11-01 21:42:56 +0800


Started GET "/assets/jquery.iframe-transport.js?body=1" for 127.0.0.1 at 2014-11-01 21:42:56 +0800


Started GET "/assets/markdown-toolbar-core.js?body=1" for 127.0.0.1 at 2014-11-01 21:42:56 +0800


Started GET "/assets/jquery.remotipart.js?body=1" for 127.0.0.1 at 2014-11-01 21:42:56 +0800


Started GET "/assets/application.js?body=1" for 127.0.0.1 at 2014-11-01 21:42:56 +0800


Started GET "/assets/fontawesome-webfont.woff" for 127.0.0.1 at 2014-11-01 21:42:56 +0800


Started GET "/" for 127.0.0.1 at 2014-11-01 21:43:00 +0800
Processing by BlogsController#index as HTML
  [1m[35mArticle Load (0.2ms)[0m  SELECT  `articles`.* FROM `articles`   ORDER BY updated_at desc LIMIT 10
  Rendered articles/_articles.html.haml (1.7ms)
  [1m[36mArticleComment Load (0.1ms)[0m  [1mSELECT  `article_comments`.* FROM `article_comments`   ORDER BY updated_at desc LIMIT 10[0m
  Rendered blogs/index.html.haml within layouts/application (4.7ms)
  [1m[35mBlogInfo Load (0.1ms)[0m  SELECT  `blog_info`.* FROM `blog_info`   ORDER BY `blog_info`.`id` ASC LIMIT 1
  [1m[36mCACHE (0.0ms)[0m  [1mSELECT  `blog_info`.* FROM `blog_info`   ORDER BY `blog_info`.`id` ASC LIMIT 1[0m
  Rendered layouts/_footer.html.haml (0.8ms)
Completed 200 OK in 19ms (Views: 17.5ms | ActiveRecord: 0.5ms)


Started GET "/articles" for 127.0.0.1 at 2014-11-01 21:43:01 +0800
Processing by ArticlesController#index as HTML
  [1m[35mArticle Load (0.2ms)[0m  SELECT  `articles`.* FROM `articles`   ORDER BY updated_at desc LIMIT 10 OFFSET 0
  [1m[36m (0.1ms)[0m  [1mSELECT COUNT(*) FROM `articles`[0m
  Rendered articles/_articles.html.haml (15.6ms)
  [1m[35mCACHE (0.0ms)[0m  SELECT COUNT(*) FROM `articles`
  [1m[36mCategory Load (0.2ms)[0m  [1mSELECT `categories`.* FROM `categories`   ORDER BY articles_count desc[0m
  Rendered articles/_article_sidebar.html.haml (7.9ms)
  Rendered articles/index.html.haml within layouts/application (28.9ms)
  [1m[35mBlogInfo Load (0.2ms)[0m  SELECT  `blog_info`.* FROM `blog_info`   ORDER BY `blog_info`.`id` ASC LIMIT 1
  [1m[36mCACHE (0.0ms)[0m  [1mSELECT  `blog_info`.* FROM `blog_info`   ORDER BY `blog_info`.`id` ASC LIMIT 1[0m
  Rendered layouts/_footer.html.haml (0.1ms)
Completed 200 OK in 45ms (Views: 39.2ms | ActiveRecord: 3.0ms)


Started GET "/blogs/about" for 127.0.0.1 at 2014-11-01 21:43:02 +0800
Processing by BlogsController#about as HTML
  [1m[35mBlogInfo Load (0.2ms)[0m  SELECT  `blog_info`.* FROM `blog_info`   ORDER BY `blog_info`.`id` ASC LIMIT 1
  Rendered blogs/about.html.haml within layouts/application (1.5ms)
  [1m[36mCACHE (0.0ms)[0m  [1mSELECT  `blog_info`.* FROM `blog_info`   ORDER BY `blog_info`.`id` ASC LIMIT 1[0m
  [1m[35mCACHE (0.0ms)[0m  SELECT  `blog_info`.* FROM `blog_info`   ORDER BY `blog_info`.`id` ASC LIMIT 1
  Rendered layouts/_footer.html.haml (0.1ms)
Completed 200 OK in 16ms (Views: 14.5ms | ActiveRecord: 0.2ms)


Started GET "/register" for 127.0.0.1 at 2014-11-01 21:43:06 +0800
Processing by UsersController#register as HTML
  [1m[36mBlogInfo Load (0.2ms)[0m  [1mSELECT  `blog_info`.* FROM `blog_info`   ORDER BY `blog_info`.`id` ASC LIMIT 1[0m
  Rendered users/_form.html.haml (43.8ms)
  Rendered users/register.html.haml within layouts/register (49.5ms)
  [1m[35mCACHE (0.0ms)[0m  SELECT  `blog_info`.* FROM `blog_info`   ORDER BY `blog_info`.`id` ASC LIMIT 1
Completed 200 OK in 79ms (Views: 72.4ms | ActiveRecord: 1.3ms)


Started GET "/login" for 127.0.0.1 at 2014-11-01 21:43:08 +0800
Processing by UsersController#login as HTML
Redirected to http://0.0.0.0:3000/login?from=http%3A%2F%2F0.0.0.0%3A3000%2Fregister
Completed 302 Found in 1ms (ActiveRecord: 0.0ms)


Started GET "/login?from=http%3A%2F%2F0.0.0.0%3A3000%2Fregister" for 127.0.0.1 at 2014-11-01 21:43:08 +0800
Processing by UsersController#login as HTML
  Parameters: {"from"=>"http://0.0.0.0:3000/register"}
  [1m[36mBlogInfo Load (0.2ms)[0m  [1mSELECT  `blog_info`.* FROM `blog_info`   ORDER BY `blog_info`.`id` ASC LIMIT 1[0m
  Rendered users/login.html.haml within layouts/register (6.1ms)
  [1m[35mCACHE (0.0ms)[0m  SELECT  `blog_info`.* FROM `blog_info`   ORDER BY `blog_info`.`id` ASC LIMIT 1
Completed 200 OK in 28ms (Views: 26.8ms | ActiveRecord: 0.2ms)


Started GET "/register" for 127.0.0.1 at 2014-11-01 21:43:10 +0800
Processing by UsersController#register as HTML
  [1m[36mBlogInfo Load (0.2ms)[0m  [1mSELECT  `blog_info`.* FROM `blog_info`   ORDER BY `blog_info`.`id` ASC LIMIT 1[0m
  Rendered users/_form.html.haml (1.3ms)
  Rendered users/register.html.haml within layouts/register (2.9ms)
  [1m[35mCACHE (0.0ms)[0m  SELECT  `blog_info`.* FROM `blog_info`   ORDER BY `blog_info`.`id` ASC LIMIT 1
Completed 200 OK in 23ms (Views: 22.3ms | ActiveRecord: 0.2ms)


Started GET "/login" for 127.0.0.1 at 2014-11-01 21:43:11 +0800
Processing by UsersController#login as HTML
Redirected to http://0.0.0.0:3000/login?from=http%3A%2F%2F0.0.0.0%3A3000%2Fregister
Completed 302 Found in 1ms (ActiveRecord: 0.0ms)


Started GET "/login?from=http%3A%2F%2F0.0.0.0%3A3000%2Fregister" for 127.0.0.1 at 2014-11-01 21:43:11 +0800
Processing by UsersController#login as HTML
  Parameters: {"from"=>"http://0.0.0.0:3000/register"}
  [1m[36mBlogInfo Load (0.2ms)[0m  [1mSELECT  `blog_info`.* FROM `blog_info`   ORDER BY `blog_info`.`id` ASC LIMIT 1[0m
  Rendered users/login.html.haml within layouts/register (1.9ms)
  [1m[35mCACHE (0.0ms)[0m  SELECT  `blog_info`.* FROM `blog_info`   ORDER BY `blog_info`.`id` ASC LIMIT 1
Completed 200 OK in 23ms (Views: 21.8ms | ActiveRecord: 0.2ms)


Started GET "/articles" for 127.0.0.1 at 2014-11-01 21:43:15 +0800
Processing by ArticlesController#index as HTML
  [1m[36mArticle Load (0.2ms)[0m  [1mSELECT  `articles`.* FROM `articles`   ORDER BY updated_at desc LIMIT 10 OFFSET 0[0m
  [1m[35m (0.1ms)[0m  SELECT COUNT(*) FROM `articles`
  Rendered articles/_articles.html.haml (1.9ms)
  [1m[36mCACHE (0.0ms)[0m  [1mSELECT COUNT(*) FROM `articles`[0m
  [1m[35mCategory Load (0.1ms)[0m  SELECT `categories`.* FROM `categories`   ORDER BY articles_count desc
  Rendered articles/_article_sidebar.html.haml (1.6ms)
  Rendered articles/index.html.haml within layouts/application (5.3ms)
  [1m[36mBlogInfo Load (0.1ms)[0m  [1mSELECT  `blog_info`.* FROM `blog_info`   ORDER BY `blog_info`.`id` ASC LIMIT 1[0m
  [1m[35mCACHE (0.0ms)[0m  SELECT  `blog_info`.* FROM `blog_info`   ORDER BY `blog_info`.`id` ASC LIMIT 1
  Rendered layouts/_footer.html.haml (0.1ms)
Completed 200 OK in 19ms (Views: 17.3ms | ActiveRecord: 0.6ms)


Started GET "/blogs/about" for 127.0.0.1 at 2014-11-01 21:43:16 +0800
Processing by BlogsController#about as HTML
  [1m[36mBlogInfo Load (0.2ms)[0m  [1mSELECT  `blog_info`.* FROM `blog_info`   ORDER BY `blog_info`.`id` ASC LIMIT 1[0m
  Rendered blogs/about.html.haml within layouts/application (0.1ms)
  [1m[35mCACHE (0.0ms)[0m  SELECT  `blog_info`.* FROM `blog_info`   ORDER BY `blog_info`.`id` ASC LIMIT 1
  [1m[36mCACHE (0.0ms)[0m  [1mSELECT  `blog_info`.* FROM `blog_info`   ORDER BY `blog_info`.`id` ASC LIMIT 1[0m
  Rendered layouts/_footer.html.haml (0.1ms)
Completed 200 OK in 14ms (Views: 13.1ms | ActiveRecord: 0.2ms)


Started GET "/" for 127.0.0.1 at 2014-11-01 21:43:17 +0800
Processing by BlogsController#index as HTML
  [1m[35mArticle Load (0.2ms)[0m  SELECT  `articles`.* FROM `articles`   ORDER BY updated_at desc LIMIT 10
  Rendered articles/_articles.html.haml (0.7ms)
  [1m[36mArticleComment Load (0.1ms)[0m  [1mSELECT  `article_comments`.* FROM `article_comments`   ORDER BY updated_at desc LIMIT 10[0m
  Rendered blogs/index.html.haml within layouts/application (1.8ms)
  [1m[35mBlogInfo Load (0.1ms)[0m  SELECT  `blog_info`.* FROM `blog_info`   ORDER BY `blog_info`.`id` ASC LIMIT 1
  [1m[36mCACHE (0.0ms)[0m  [1mSELECT  `blog_info`.* FROM `blog_info`   ORDER BY `blog_info`.`id` ASC LIMIT 1[0m
  Rendered layouts/_footer.html.haml (0.1ms)
Completed 200 OK in 15ms (Views: 14.2ms | ActiveRecord: 0.5ms)


Started GET "/login" for 127.0.0.1 at 2014-11-01 21:43:19 +0800
Processing by UsersController#login as HTML
Redirected to http://0.0.0.0:3000/login?from=http%3A%2F%2F0.0.0.0%3A3000%2F
Completed 302 Found in 1ms (ActiveRecord: 0.0ms)


Started GET "/login?from=http%3A%2F%2F0.0.0.0%3A3000%2F" for 127.0.0.1 at 2014-11-01 21:43:19 +0800
Processing by UsersController#login as HTML
  Parameters: {"from"=>"http://0.0.0.0:3000/"}
  [1m[35mBlogInfo Load (0.2ms)[0m  SELECT  `blog_info`.* FROM `blog_info`   ORDER BY `blog_info`.`id` ASC LIMIT 1
  Rendered users/login.html.haml within layouts/register (2.1ms)
  [1m[36mCACHE (0.0ms)[0m  [1mSELECT  `blog_info`.* FROM `blog_info`   ORDER BY `blog_info`.`id` ASC LIMIT 1[0m
Completed 200 OK in 23ms (Views: 22.3ms | ActiveRecord: 0.2ms)


Started POST "/users/login_confirm" for 127.0.0.1 at 2014-11-01 21:43:55 +0800
Processing by UsersController#login_confirm as HTML
  Parameters: {"utf8"=>"✓", "authenticity_token"=>"Iodt/ZD1Tb+RURXr5z6jPlUMEYBygRRspI4w4MN6I9A=", "user"=>{"username"=>"admin", "password"=>"[FILTERED]"}, "commit"=>"登录"}
  [1m[35mUser Load (0.4ms)[0m  SELECT  `users`.* FROM `users`  WHERE `users`.`username` = 'admin' LIMIT 1
  [1m[36m (0.1ms)[0m  [1mBEGIN[0m
  [1m[35mSQL (0.2ms)[0m  UPDATE `users` SET `last_login_time` = '2014-11-01 21:43:56', `updated_at` = '2014-11-01 21:43:56' WHERE `users`.`id` = 1
  [1m[36m (0.4ms)[0m  [1mCOMMIT[0m
Redirected to http://0.0.0.0:3000/
Completed 302 Found in 98ms (ActiveRecord: 1.1ms)


Started GET "/" for 127.0.0.1 at 2014-11-01 21:43:56 +0800
Processing by BlogsController#index as HTML
  [1m[35mUser Load (0.2ms)[0m  SELECT  `users`.* FROM `users`  WHERE `users`.`id` = 1 LIMIT 1
  [1m[36mArticle Load (0.2ms)[0m  [1mSELECT  `articles`.* FROM `articles`   ORDER BY updated_at desc LIMIT 10[0m
  Rendered articles/_articles.html.haml (0.6ms)
  [1m[35mArticleComment Load (0.1ms)[0m  SELECT  `article_comments`.* FROM `article_comments`   ORDER BY updated_at desc LIMIT 10
  Rendered blogs/index.html.haml within layouts/application (1.6ms)
  [1m[36mBlogInfo Load (0.1ms)[0m  [1mSELECT  `blog_info`.* FROM `blog_info`   ORDER BY `blog_info`.`id` ASC LIMIT 1[0m
  [1m[35mCACHE (0.0ms)[0m  SELECT  `blog_info`.* FROM `blog_info`   ORDER BY `blog_info`.`id` ASC LIMIT 1
  Rendered layouts/_footer.html.haml (0.1ms)
Completed 200 OK in 17ms (Views: 15.5ms | ActiveRecord: 0.7ms)


Started GET "/blogs/about" for 127.0.0.1 at 2014-11-01 21:44:01 +0800
Processing by BlogsController#about as HTML
  [1m[36mUser Load (0.2ms)[0m  [1mSELECT  `users`.* FROM `users`  WHERE `users`.`id` = 1 LIMIT 1[0m
  [1m[35mBlogInfo Load (0.1ms)[0m  SELECT  `blog_info`.* FROM `blog_info`   ORDER BY `blog_info`.`id` ASC LIMIT 1
  Rendered blogs/about.html.haml within layouts/application (0.1ms)
  [1m[36mCACHE (0.0ms)[0m  [1mSELECT  `blog_info`.* FROM `blog_info`   ORDER BY `blog_info`.`id` ASC LIMIT 1[0m
  [1m[35mCACHE (0.0ms)[0m  SELECT  `blog_info`.* FROM `blog_info`   ORDER BY `blog_info`.`id` ASC LIMIT 1
  Rendered layouts/_footer.html.haml (0.1ms)
Completed 200 OK in 15ms (Views: 13.7ms | ActiveRecord: 0.3ms)


Started GET "/articles" for 127.0.0.1 at 2014-11-01 21:44:01 +0800
Processing by ArticlesController#index as HTML
  [1m[36mUser Load (0.2ms)[0m  [1mSELECT  `users`.* FROM `users`  WHERE `users`.`id` = 1 LIMIT 1[0m
  [1m[35mArticle Load (0.2ms)[0m  SELECT  `articles`.* FROM `articles`   ORDER BY updated_at desc LIMIT 10 OFFSET 0
  [1m[36m (0.1ms)[0m  [1mSELECT COUNT(*) FROM `articles`[0m
  Rendered articles/_articles.html.haml (1.8ms)
  [1m[35mCACHE (0.0ms)[0m  SELECT COUNT(*) FROM `articles`
  [1m[36mCategory Load (0.1ms)[0m  [1mSELECT `categories`.* FROM `categories`   ORDER BY articles_count desc[0m
  Rendered articles/_article_sidebar.html.haml (1.6ms)
  Rendered articles/index.html.haml within layouts/application (5.2ms)
  [1m[35mBlogInfo Load (0.1ms)[0m  SELECT  `blog_info`.* FROM `blog_info`   ORDER BY `blog_info`.`id` ASC LIMIT 1
  [1m[36mCACHE (0.0ms)[0m  [1mSELECT  `blog_info`.* FROM `blog_info`   ORDER BY `blog_info`.`id` ASC LIMIT 1[0m
  Rendered layouts/_footer.html.haml (0.1ms)
Completed 200 OK in 20ms (Views: 18.1ms | ActiveRecord: 0.7ms)


Started GET "/" for 127.0.0.1 at 2014-11-01 21:44:02 +0800
Processing by BlogsController#index as HTML
  [1m[35mUser Load (0.2ms)[0m  SELECT  `users`.* FROM `users`  WHERE `users`.`id` = 1 LIMIT 1
  [1m[36mArticle Load (0.1ms)[0m  [1mSELECT  `articles`.* FROM `articles`   ORDER BY updated_at desc LIMIT 10[0m
  Rendered articles/_articles.html.haml (0.5ms)
  [1m[35mArticleComment Load (0.1ms)[0m  SELECT  `article_comments`.* FROM `article_comments`   ORDER BY updated_at desc LIMIT 10
  Rendered blogs/index.html.haml within layouts/application (1.6ms)
  [1m[36mBlogInfo Load (0.1ms)[0m  [1mSELECT  `blog_info`.* FROM `blog_info`   ORDER BY `blog_info`.`id` ASC LIMIT 1[0m
  [1m[35mCACHE (0.0ms)[0m  SELECT  `blog_info`.* FROM `blog_info`   ORDER BY `blog_info`.`id` ASC LIMIT 1
  Rendered layouts/_footer.html.haml (0.1ms)
Completed 200 OK in 17ms (Views: 14.9ms | ActiveRecord: 0.6ms)


Started GET "/articles/new" for 127.0.0.1 at 2014-11-01 21:44:05 +0800
Processing by ArticlesController#new as HTML
  [1m[36mUser Load (0.2ms)[0m  [1mSELECT  `users`.* FROM `users`  WHERE `users`.`id` = 1 LIMIT 1[0m
  Rendered articles/_error.html.haml (1.9ms)
  Rendered articles/_toolbar_upload_img.html.haml (33.3ms)
  [1m[35mCategory Load (0.2ms)[0m  SELECT `categories`.* FROM `categories`   ORDER BY articles_count desc
  Rendered articles/_form.html.haml (47.9ms)
  Rendered articles/new.html.haml within layouts/application (54.4ms)
  [1m[36mBlogInfo Load (0.1ms)[0m  [1mSELECT  `blog_info`.* FROM `blog_info`   ORDER BY `blog_info`.`id` ASC LIMIT 1[0m
  [1m[35mCACHE (0.0ms)[0m  SELECT  `blog_info`.* FROM `blog_info`   ORDER BY `blog_info`.`id` ASC LIMIT 1
  Rendered layouts/_footer.html.haml (0.1ms)
Completed 200 OK in 115ms (Views: 113.0ms | ActiveRecord: 0.6ms)


Started GET "/assets/text_delimiter.png" for 127.0.0.1 at 2014-11-01 21:44:05 +0800


Started GET "/assets/text_italic.png" for 127.0.0.1 at 2014-11-01 21:44:05 +0800


Started GET "/assets/text_heading_1.png" for 127.0.0.1 at 2014-11-01 21:44:05 +0800


Started GET "/assets/text_heading_2.png" for 127.0.0.1 at 2014-11-01 21:44:05 +0800


Started GET "/assets/text_bold.png" for 127.0.0.1 at 2014-11-01 21:44:05 +0800


Started GET "/assets/text_heading_3.png" for 127.0.0.1 at 2014-11-01 21:44:05 +0800


Started GET "/assets/text_list_bullets.png" for 127.0.0.1 at 2014-11-01 21:44:05 +0800


Started GET "/assets/text_blockquote.png" for 127.0.0.1 at 2014-11-01 21:44:05 +0800


Started GET "/assets/text_code.png" for 127.0.0.1 at 2014-11-01 21:44:05 +0800


Started GET "/assets/text_image.png" for 127.0.0.1 at 2014-11-01 21:44:05 +0800


Started GET "/assets/text_list_numbers.png" for 127.0.0.1 at 2014-11-01 21:44:05 +0800


Started GET "/assets/text_link.png" for 127.0.0.1 at 2014-11-01 21:44:05 +0800


Started POST "/articles" for 127.0.0.1 at 2014-11-01 21:44:41 +0800
Processing by ArticlesController#create as HTML
  Parameters: {"utf8"=>"✓", "authenticity_token"=>"Iodt/ZD1Tb+RURXr5z6jPlUMEYBygRRspI4w4MN6I9A=", "article"=>{"title"=>"这是第一篇文章", "category_id"=>"", "category_name"=>"测试", "tags"=>"iOS", "source"=>"", "content"=>"撒旦"}, "commit"=>"提交"}
  [1m[36mUser Load (1.0ms)[0m  [1mSELECT  `users`.* FROM `users`  WHERE `users`.`id` = 1 LIMIT 1[0m
Unpermitted parameters: category_id, category_name
  [1m[35mCategory Load (0.3ms)[0m  SELECT  `categories`.* FROM `categories`  WHERE `categories`.`name` = '测试' LIMIT 1
  [1m[36m (0.1ms)[0m  [1mBEGIN[0m
  [1m[35mSQL (0.2ms)[0m  INSERT INTO `categories` (`created_at`, `name`, `updated_at`) VALUES ('2014-11-01 21:44:41', '测试', '2014-11-01 21:44:41')
  [1m[36m (0.4ms)[0m  [1mCOMMIT[0m
  [1m[35m (0.1ms)[0m  BEGIN
  [1m[36mCategory Load (0.2ms)[0m  [1mSELECT  `categories`.* FROM `categories`  WHERE `categories`.`id` = 2 LIMIT 1[0m
  [1m[35m (0.1ms)[0m  ROLLBACK
  Rendered articles/_error.html.haml (2.2ms)
  Rendered articles/_toolbar_upload_img.html.haml (4.8ms)
  [1m[36mCategory Load (0.3ms)[0m  [1mSELECT `categories`.* FROM `categories`   ORDER BY articles_count desc[0m
  Rendered articles/_form.html.haml (12.2ms)
  Rendered articles/new.html.haml within layouts/application (17.5ms)
  [1m[35mBlogInfo Load (0.2ms)[0m  SELECT  `blog_info`.* FROM `blog_info`   ORDER BY `blog_info`.`id` ASC LIMIT 1
  [1m[36mCACHE (0.0ms)[0m  [1mSELECT  `blog_info`.* FROM `blog_info`   ORDER BY `blog_info`.`id` ASC LIMIT 1[0m
  Rendered layouts/_footer.html.haml (0.1ms)
Completed 200 OK in 107ms (Views: 31.9ms | ActiveRecord: 2.7ms)


Started POST "/articles" for 127.0.0.1 at 2014-11-01 21:44:51 +0800
Processing by ArticlesController#create as HTML
  Parameters: {"utf8"=>"✓", "authenticity_token"=>"Iodt/ZD1Tb+RURXr5z6jPlUMEYBygRRspI4w4MN6I9A=", "article"=>{"title"=>"这是第一篇文章 哈哈哈", "category_id"=>"2", "category_name"=>"", "tags"=>"iOS", "source"=>"", "content"=>"撒旦"}, "commit"=>"提交"}
  [1m[35mUser Load (0.2ms)[0m  SELECT  `users`.* FROM `users`  WHERE `users`.`id` = 1 LIMIT 1
Unpermitted parameters: category_id, category_name
  [1m[36m (0.1ms)[0m  [1mBEGIN[0m
  [1m[35mCategory Load (0.2ms)[0m  SELECT  `categories`.* FROM `categories`  WHERE `categories`.`id` = 2 LIMIT 1
  [1m[36m (0.1ms)[0m  [1mROLLBACK[0m
  Rendered articles/_error.html.haml (0.2ms)
  Rendered articles/_toolbar_upload_img.html.haml (1.2ms)
  [1m[35mCategory Load (0.2ms)[0m  SELECT `categories`.* FROM `categories`   ORDER BY articles_count desc
  Rendered articles/_form.html.haml (4.8ms)
  Rendered articles/new.html.haml within layouts/application (7.1ms)
  [1m[36mBlogInfo Load (0.2ms)[0m  [1mSELECT  `blog_info`.* FROM `blog_info`   ORDER BY `blog_info`.`id` ASC LIMIT 1[0m
  [1m[35mCACHE (0.0ms)[0m  SELECT  `blog_info`.* FROM `blog_info`   ORDER BY `blog_info`.`id` ASC LIMIT 1
  Rendered layouts/_footer.html.haml (0.1ms)
Completed 200 OK in 26ms (Views: 21.8ms | ActiveRecord: 1.0ms)


Started POST "/articles" for 127.0.0.1 at 2014-11-01 21:44:57 +0800
Processing by ArticlesController#create as HTML
  Parameters: {"utf8"=>"✓", "authenticity_token"=>"Iodt/ZD1Tb+RURXr5z6jPlUMEYBygRRspI4w4MN6I9A=", "article"=>{"title"=>"这是第一篇文章 哈哈哈", "category_id"=>"2", "category_name"=>"", "tags"=>"iOS", "source"=>"", "content"=>"撒旦撒旦是打算打算爱上打算啊 "}, "commit"=>"提交"}
  [1m[36mUser Load (0.2ms)[0m  [1mSELECT  `users`.* FROM `users`  WHERE `users`.`id` = 1 LIMIT 1[0m
Unpermitted parameters: category_id, category_name
  [1m[35m (0.1ms)[0m  BEGIN
  [1m[36mCategory Load (0.1ms)[0m  [1mSELECT  `categories`.* FROM `categories`  WHERE `categories`.`id` = 2 LIMIT 1[0m
  [1m[35mSQL (0.2ms)[0m  INSERT INTO `articles` (`category_id`, `content`, `created_at`, `source`, `tags`, `title`, `updated_at`, `user_id`) VALUES (2, '撒旦撒旦是打算打算爱上打算啊 ', '2014-11-01 21:44:57', '', 'iOS', '这是第一篇文章 哈哈哈', '2014-11-01 21:44:57', 1)
  [1m[36mCategory Load (0.2ms)[0m  [1mSELECT  `categories`.* FROM `categories`  WHERE `categories`.`id` = 2 LIMIT 1[0m
  [1m[35mSQL (0.2ms)[0m  UPDATE `categories` SET `articles_count` = COALESCE(`articles_count`, 0) + 1 WHERE `categories`.`id` = 2
  [1m[36m (0.4ms)[0m  [1mCOMMIT[0m
Redirected to http://0.0.0.0:3000/articles/1
Completed 302 Found in 22ms (ActiveRecord: 1.4ms)


Started GET "/articles/1" for 127.0.0.1 at 2014-11-01 21:44:57 +0800
Processing by ArticlesController#show as HTML
  Parameters: {"id"=>"1"}
  [1m[35mUser Load (0.2ms)[0m  SELECT  `users`.* FROM `users`  WHERE `users`.`id` = 1 LIMIT 1
  [1m[36mArticle Load (0.1ms)[0m  [1mSELECT  `articles`.* FROM `articles`  WHERE `articles`.`id` = 1 LIMIT 1[0m
  [1m[35m (0.2ms)[0m  SELECT COUNT(*) FROM `article_views`  WHERE `article_views`.`article_id` = 1 AND (created_at >= '2014-11-01T21:34:57+08:00' and ip='127.0.0.1')
  [1m[36m (0.1ms)[0m  [1mBEGIN[0m
  [1m[35mSQL (0.2ms)[0m  INSERT INTO `article_views` (`article_id`, `created_at`, `ip`, `param_string`, `updated_at`, `user_id`) VALUES (1, '2014-11-01 21:44:57', '127.0.0.1', '{\"action\"=>\"show\", \"controller\"=>\"articles\", \"id\"=>\"1\"}', '2014-11-01 21:44:57', 1)
  [1m[36mSQL (0.2ms)[0m  [1mUPDATE `articles` SET `view_count` = COALESCE(`view_count`, 0) + 1 WHERE `articles`.`id` = 1[0m
  [1m[35m (0.3ms)[0m  COMMIT
  Rendered articles/_error.html.haml (0.1ms)
  [1m[36mCategory Load (0.2ms)[0m  [1mSELECT  `categories`.* FROM `categories`  WHERE `categories`.`id` = 2 LIMIT 1[0m
  [1m[35mArticleStar Load (0.2ms)[0m  SELECT  `article_stars`.* FROM `article_stars`  WHERE `article_stars`.`article_id` = 1 AND `article_stars`.`user_id` = 1 LIMIT 1
  [1m[36mArticleComment Load (0.3ms)[0m  [1mSELECT  `article_comments`.* FROM `article_comments`  WHERE `article_comments`.`article_id` = 1  ORDER BY updated_at asc LIMIT 10 OFFSET 0[0m
  [1m[35m (0.1ms)[0m  SELECT COUNT(*) FROM `article_comments`  WHERE `article_comments`.`article_id` = 1
  Rendered articles/_comments.html.haml (3.7ms)
  Rendered articles/_toolbar_upload_img.html.haml (1.2ms)
  Rendered articles/_comment_form.html.haml (6.4ms)
  Rendered articles/show.html.haml within layouts/application (37.2ms)
  [1m[36mBlogInfo Load (0.2ms)[0m  [1mSELECT  `blog_info`.* FROM `blog_info`   ORDER BY `blog_info`.`id` ASC LIMIT 1[0m
  [1m[35mCACHE (0.0ms)[0m  SELECT  `blog_info`.* FROM `blog_info`   ORDER BY `blog_info`.`id` ASC LIMIT 1
  Rendered layouts/_footer.html.haml (0.1ms)
Completed 200 OK in 85ms (Views: 51.0ms | ActiveRecord: 5.1ms)


Started GET "/articles" for 127.0.0.1 at 2014-11-01 21:45:00 +0800
Processing by ArticlesController#index as HTML
  [1m[36mUser Load (0.2ms)[0m  [1mSELECT  `users`.* FROM `users`  WHERE `users`.`id` = 1 LIMIT 1[0m
  [1m[35mArticle Load (0.2ms)[0m  SELECT  `articles`.* FROM `articles`   ORDER BY updated_at desc LIMIT 10 OFFSET 0
  Rendered articles/_article.html.haml (4.0ms)
  [1m[36m (0.2ms)[0m  [1mSELECT COUNT(*) FROM `articles`[0m
  Rendered articles/_articles.html.haml (9.7ms)
  [1m[35mCACHE (0.0ms)[0m  SELECT COUNT(*) FROM `articles`
  [1m[36mCategory Load (0.3ms)[0m  [1mSELECT `categories`.* FROM `categories`   ORDER BY articles_count desc[0m
  Rendered articles/_article_sidebar.html.haml (2.4ms)
  Rendered articles/index.html.haml within layouts/application (14.6ms)
  [1m[35mBlogInfo Load (0.2ms)[0m  SELECT  `blog_info`.* FROM `blog_info`   ORDER BY `blog_info`.`id` ASC LIMIT 1
  [1m[36mCACHE (0.0ms)[0m  [1mSELECT  `blog_info`.* FROM `blog_info`   ORDER BY `blog_info`.`id` ASC LIMIT 1[0m
  Rendered layouts/_footer.html.haml (0.1ms)
Completed 200 OK in 30ms (Views: 27.2ms | ActiveRecord: 1.1ms)


Started GET "/articles/1" for 127.0.0.1 at 2014-11-01 21:45:02 +0800
Processing by ArticlesController#show as HTML
  Parameters: {"id"=>"1"}
  [1m[35mUser Load (0.3ms)[0m  SELECT  `users`.* FROM `users`  WHERE `users`.`id` = 1 LIMIT 1
  [1m[36mArticle Load (0.2ms)[0m  [1mSELECT  `articles`.* FROM `articles`  WHERE `articles`.`id` = 1 LIMIT 1[0m
  [1m[35m (0.3ms)[0m  SELECT COUNT(*) FROM `article_views`  WHERE `article_views`.`article_id` = 1 AND (created_at >= '2014-11-01T21:35:02+08:00' and ip='127.0.0.1')
  Rendered articles/_error.html.haml (0.1ms)
  [1m[36mCategory Load (0.2ms)[0m  [1mSELECT  `categories`.* FROM `categories`  WHERE `categories`.`id` = 2 LIMIT 1[0m
  [1m[35mArticleStar Load (0.2ms)[0m  SELECT  `article_stars`.* FROM `article_stars`  WHERE `article_stars`.`article_id` = 1 AND `article_stars`.`user_id` = 1 LIMIT 1
  [1m[36mArticleComment Load (0.3ms)[0m  [1mSELECT  `article_comments`.* FROM `article_comments`  WHERE `article_comments`.`article_id` = 1  ORDER BY updated_at asc LIMIT 10 OFFSET 0[0m
  [1m[35m (0.2ms)[0m  SELECT COUNT(*) FROM `article_comments`  WHERE `article_comments`.`article_id` = 1
  Rendered articles/_comments.html.haml (2.3ms)
  Rendered articles/_toolbar_upload_img.html.haml (1.3ms)
  Rendered articles/_comment_form.html.haml (2.7ms)
  Rendered articles/show.html.haml within layouts/application (11.5ms)
  [1m[36mBlogInfo Load (0.2ms)[0m  [1mSELECT  `blog_info`.* FROM `blog_info`   ORDER BY `blog_info`.`id` ASC LIMIT 1[0m
  [1m[35mCACHE (0.0ms)[0m  SELECT  `blog_info`.* FROM `blog_info`   ORDER BY `blog_info`.`id` ASC LIMIT 1
  Rendered layouts/_footer.html.haml (0.1ms)
Completed 200 OK in 31ms (Views: 26.0ms | ActiveRecord: 1.8ms)


Started POST "/articles/1/star" for 127.0.0.1 at 2014-11-01 21:45:06 +0800
Processing by ArticlesController#star as JS
  Parameters: {"id"=>"1"}
  [1m[36mUser Load (0.2ms)[0m  [1mSELECT  `users`.* FROM `users`  WHERE `users`.`id` = 1 LIMIT 1[0m
  [1m[35mArticle Load (0.1ms)[0m  SELECT  `articles`.* FROM `articles`  WHERE `articles`.`id` = 1 LIMIT 1
  [1m[36mArticleStar Load (0.2ms)[0m  [1mSELECT  `article_stars`.* FROM `article_stars`  WHERE `article_stars`.`article_id` = 1 AND `article_stars`.`user_id` = 1 LIMIT 1[0m
  [1m[35m (0.1ms)[0m  BEGIN
  [1m[36mSQL (0.2ms)[0m  [1mINSERT INTO `article_stars` (`article_id`, `created_at`, `updated_at`, `user_id`) VALUES (1, '2014-11-01 21:45:06', '2014-11-01 21:45:06', 1)[0m
  [1m[35mSQL (0.2ms)[0m  UPDATE `articles` SET `star_count` = COALESCE(`star_count`, 0) + 1 WHERE `articles`.`id` = 1
  [1m[36m (1.7ms)[0m  [1mCOMMIT[0m
  Rendered articles/star.js.haml (1.3ms)
Completed 200 OK in 15ms (Views: 4.6ms | ActiveRecord: 3.0ms)


Started GET "/articles" for 127.0.0.1 at 2014-11-01 21:46:21 +0800
Processing by ArticlesController#index as HTML
  [1m[35mUser Load (0.2ms)[0m  SELECT  `users`.* FROM `users`  WHERE `users`.`id` = 1 LIMIT 1
  [1m[36mArticle Load (0.2ms)[0m  [1mSELECT  `articles`.* FROM `articles`   ORDER BY updated_at desc LIMIT 10 OFFSET 0[0m
  Rendered articles/_article.html.haml (0.4ms)
  [1m[35m (0.1ms)[0m  SELECT COUNT(*) FROM `articles`
  Rendered articles/_articles.html.haml (2.8ms)
  [1m[36mCACHE (0.0ms)[0m  [1mSELECT COUNT(*) FROM `articles`[0m
  [1m[35mCategory Load (0.2ms)[0m  SELECT `categories`.* FROM `categories`   ORDER BY articles_count desc
  Rendered articles/_article_sidebar.html.haml (1.7ms)
  Rendered articles/index.html.haml within layouts/application (6.3ms)
  [1m[36mBlogInfo Load (0.1ms)[0m  [1mSELECT  `blog_info`.* FROM `blog_info`   ORDER BY `blog_info`.`id` ASC LIMIT 1[0m
  [1m[35mCACHE (0.0ms)[0m  SELECT  `blog_info`.* FROM `blog_info`   ORDER BY `blog_info`.`id` ASC LIMIT 1
  Rendered layouts/_footer.html.haml (0.1ms)
Completed 200 OK in 21ms (Views: 18.7ms | ActiveRecord: 0.8ms)


Started GET "/blogs/set" for 127.0.0.1 at 2014-11-01 21:46:28 +0800
Processing by BlogsController#set as HTML
  [1m[36mUser Load (0.2ms)[0m  [1mSELECT  `users`.* FROM `users`  WHERE `users`.`id` = 1 LIMIT 1[0m
  Rendered blogs/_set_sidebar.html.haml (3.6ms)
  Rendered blogs/set.html.haml within layouts/application (11.7ms)
  [1m[35mBlogInfo Load (0.2ms)[0m  SELECT  `blog_info`.* FROM `blog_info`   ORDER BY `blog_info`.`id` ASC LIMIT 1
  [1m[36mCACHE (0.0ms)[0m  [1mSELECT  `blog_info`.* FROM `blog_info`   ORDER BY `blog_info`.`id` ASC LIMIT 1[0m
  Rendered layouts/_footer.html.haml (0.1ms)
Completed 200 OK in 38ms (Views: 36.4ms | ActiveRecord: 0.4ms)


Started POST "/blogs/set_userinfo" for 127.0.0.1 at 2014-11-01 21:47:11 +0800
Processing by BlogsController#set_userinfo as HTML
  Parameters: {"utf8"=>"✓", "authenticity_token"=>"Iodt/ZD1Tb+RURXr5z6jPlUMEYBygRRspI4w4MN6I9A=", "user"=>{"nick_name"=>"admin", "avatar"=>#<ActionDispatch::Http::UploadedFile:0x007f917326cfd0 @tempfile=#<Tempfile:/var/folders/1p/8qdjw3jx7tldz4tj2zlktjyc0000gn/T/RackMultipart20141101-16820-1jp2xe1>, @original_filename="rails.png", @content_type="image/png", @headers="Content-Disposition: form-data; name=\"user[avatar]\"; filename=\"rails.png\"\r\nContent-Type: image/png\r\n">}, "commit"=>"修改"}
  [1m[35mUser Load (0.2ms)[0m  SELECT  `users`.* FROM `users`  WHERE `users`.`id` = 1 LIMIT 1
  [1m[36mCACHE (0.0ms)[0m  [1mSELECT  `users`.* FROM `users`  WHERE `users`.`id` = 1 LIMIT 1[0m  [["id", 1]]
  [1m[35m (0.1ms)[0m  BEGIN
  [1m[36mUser Exists (0.3ms)[0m  [1mSELECT  1 AS one FROM `users`  WHERE (`users`.`username` = BINARY 'admin' AND `users`.`id` != 1) LIMIT 1[0m
  [1m[35mUser Exists (0.2ms)[0m  SELECT  1 AS one FROM `users`  WHERE (`users`.`email` = BINARY '736698959@qq.com' AND `users`.`id` != 1) LIMIT 1
  [1m[36mUser Exists (0.2ms)[0m  [1mSELECT  1 AS one FROM `users`  WHERE (`users`.`nick_name` = BINARY 'admin' AND `users`.`id` != 1) LIMIT 1[0m
  [1m[35mSQL (0.2ms)[0m  UPDATE `users` SET `avatar` = '/images/917a1267-cafd-47f8-ad77-d90e54e06331.png', `nick_name` = 'admin', `updated_at` = '2014-11-01 21:47:11' WHERE `users`.`id` = 1
  [1m[36m (0.3ms)[0m  [1mCOMMIT[0m
Redirected to http://0.0.0.0:3000/blogs/set
Completed 302 Found in 61ms (ActiveRecord: 1.6ms)


Started GET "/blogs/set" for 127.0.0.1 at 2014-11-01 21:47:11 +0800
Processing by BlogsController#set as HTML
  [1m[35mUser Load (0.2ms)[0m  SELECT  `users`.* FROM `users`  WHERE `users`.`id` = 1 LIMIT 1
  Rendered blogs/_set_sidebar.html.haml (5.0ms)
  Rendered blogs/set.html.haml within layouts/application (15.9ms)
  [1m[36mBlogInfo Load (0.2ms)[0m  [1mSELECT  `blog_info`.* FROM `blog_info`   ORDER BY `blog_info`.`id` ASC LIMIT 1[0m
  [1m[35mCACHE (0.0ms)[0m  SELECT  `blog_info`.* FROM `blog_info`   ORDER BY `blog_info`.`id` ASC LIMIT 1
  Rendered layouts/_footer.html.haml (0.1ms)
Completed 200 OK in 35ms (Views: 32.7ms | ActiveRecord: 0.4ms)


Started GET "/blogs/about" for 127.0.0.1 at 2014-11-01 21:47:15 +0800
Processing by BlogsController#about as HTML
  [1m[36mUser Load (0.2ms)[0m  [1mSELECT  `users`.* FROM `users`  WHERE `users`.`id` = 1 LIMIT 1[0m
  [1m[35mBlogInfo Load (0.1ms)[0m  SELECT  `blog_info`.* FROM `blog_info`   ORDER BY `blog_info`.`id` ASC LIMIT 1
  Rendered blogs/about.html.haml within layouts/application (0.2ms)
  [1m[36mCACHE (0.0ms)[0m  [1mSELECT  `blog_info`.* FROM `blog_info`   ORDER BY `blog_info`.`id` ASC LIMIT 1[0m
  [1m[35mCACHE (0.0ms)[0m  SELECT  `blog_info`.* FROM `blog_info`   ORDER BY `blog_info`.`id` ASC LIMIT 1
  Rendered layouts/_footer.html.haml (0.1ms)
Completed 200 OK in 17ms (Views: 15.0ms | ActiveRecord: 0.4ms)


Started GET "/articles" for 127.0.0.1 at 2014-11-01 21:47:16 +0800
Processing by ArticlesController#index as HTML
  [1m[36mUser Load (0.2ms)[0m  [1mSELECT  `users`.* FROM `users`  WHERE `users`.`id` = 1 LIMIT 1[0m
  [1m[35mArticle Load (0.2ms)[0m  SELECT  `articles`.* FROM `articles`   ORDER BY updated_at desc LIMIT 10 OFFSET 0
  Rendered articles/_article.html.haml (0.6ms)
  [1m[36m (0.1ms)[0m  [1mSELECT COUNT(*) FROM `articles`[0m
  Rendered articles/_articles.html.haml (3.8ms)
  [1m[35mCACHE (0.0ms)[0m  SELECT COUNT(*) FROM `articles`
  [1m[36mCategory Load (0.1ms)[0m  [1mSELECT `categories`.* FROM `categories`   ORDER BY articles_count desc[0m
  Rendered articles/_article_sidebar.html.haml (2.0ms)
  Rendered articles/index.html.haml within layouts/application (8.0ms)
  [1m[35mBlogInfo Load (0.1ms)[0m  SELECT  `blog_info`.* FROM `blog_info`   ORDER BY `blog_info`.`id` ASC LIMIT 1
  [1m[36mCACHE (0.0ms)[0m  [1mSELECT  `blog_info`.* FROM `blog_info`   ORDER BY `blog_info`.`id` ASC LIMIT 1[0m
  Rendered layouts/_footer.html.haml (0.1ms)
Completed 200 OK in 24ms (Views: 22.0ms | ActiveRecord: 0.8ms)


Started GET "/" for 127.0.0.1 at 2014-11-01 21:47:17 +0800
Processing by BlogsController#index as HTML
  [1m[35mUser Load (0.2ms)[0m  SELECT  `users`.* FROM `users`  WHERE `users`.`id` = 1 LIMIT 1
  [1m[36mArticle Load (0.2ms)[0m  [1mSELECT  `articles`.* FROM `articles`   ORDER BY updated_at desc LIMIT 10[0m
  Rendered articles/_article.html.haml (5.2ms)
  Rendered articles/_articles.html.haml (6.7ms)
  [1m[35mArticleComment Load (0.2ms)[0m  SELECT  `article_comments`.* FROM `article_comments`   ORDER BY updated_at desc LIMIT 10
  Rendered blogs/index.html.haml within layouts/application (8.1ms)
  [1m[36mBlogInfo Load (0.1ms)[0m  [1mSELECT  `blog_info`.* FROM `blog_info`   ORDER BY `blog_info`.`id` ASC LIMIT 1[0m
  [1m[35mCACHE (0.0ms)[0m  SELECT  `blog_info`.* FROM `blog_info`   ORDER BY `blog_info`.`id` ASC LIMIT 1
  Rendered layouts/_footer.html.haml (0.1ms)
Completed 200 OK in 25ms (Views: 22.9ms | ActiveRecord: 0.7ms)


Started GET "/blogs/about" for 127.0.0.1 at 2014-11-01 21:47:18 +0800
Processing by BlogsController#about as HTML
  [1m[36mUser Load (0.2ms)[0m  [1mSELECT  `users`.* FROM `users`  WHERE `users`.`id` = 1 LIMIT 1[0m
  [1m[35mBlogInfo Load (0.1ms)[0m  SELECT  `blog_info`.* FROM `blog_info`   ORDER BY `blog_info`.`id` ASC LIMIT 1
  Rendered blogs/about.html.haml within layouts/application (0.2ms)
  [1m[36mCACHE (0.0ms)[0m  [1mSELECT  `blog_info`.* FROM `blog_info`   ORDER BY `blog_info`.`id` ASC LIMIT 1[0m
  [1m[35mCACHE (0.0ms)[0m  SELECT  `blog_info`.* FROM `blog_info`   ORDER BY `blog_info`.`id` ASC LIMIT 1
  Rendered layouts/_footer.html.haml (0.1ms)
Completed 200 OK in 17ms (Views: 15.0ms | ActiveRecord: 0.4ms)


Started GET "/blogs/set" for 127.0.0.1 at 2014-11-01 21:47:20 +0800
Processing by BlogsController#set as HTML
  [1m[36mUser Load (0.2ms)[0m  [1mSELECT  `users`.* FROM `users`  WHERE `users`.`id` = 1 LIMIT 1[0m
  Rendered blogs/_set_sidebar.html.haml (0.9ms)
  Rendered blogs/set.html.haml within layouts/application (3.0ms)
  [1m[35mBlogInfo Load (0.2ms)[0m  SELECT  `blog_info`.* FROM `blog_info`   ORDER BY `blog_info`.`id` ASC LIMIT 1
  [1m[36mCACHE (0.0ms)[0m  [1mSELECT  `blog_info`.* FROM `blog_info`   ORDER BY `blog_info`.`id` ASC LIMIT 1[0m
  Rendered layouts/_footer.html.haml (0.1ms)
Completed 200 OK in 21ms (Views: 19.7ms | ActiveRecord: 0.4ms)


Started GET "/blogs/set_blog" for 127.0.0.1 at 2014-11-01 21:47:22 +0800
Processing by BlogsController#set_blog as HTML
  [1m[35mUser Load (0.2ms)[0m  SELECT  `users`.* FROM `users`  WHERE `users`.`id` = 1 LIMIT 1
  [1m[36mBlogInfo Load (0.1ms)[0m  [1mSELECT  `blog_info`.* FROM `blog_info`   ORDER BY `blog_info`.`id` ASC LIMIT 1[0m
  Rendered blogs/_set_sidebar.html.haml (8.3ms)
  Rendered blogs/set_blog.html.haml within layouts/application (15.2ms)
  [1m[35mCACHE (0.0ms)[0m  SELECT  `blog_info`.* FROM `blog_info`   ORDER BY `blog_info`.`id` ASC LIMIT 1
  [1m[36mCACHE (0.0ms)[0m  [1mSELECT  `blog_info`.* FROM `blog_info`   ORDER BY `blog_info`.`id` ASC LIMIT 1[0m
  Rendered layouts/_footer.html.haml (0.1ms)
Completed 200 OK in 55ms (Views: 51.3ms | ActiveRecord: 1.2ms)


Started GET "/blogs/change_password" for 127.0.0.1 at 2014-11-01 21:47:23 +0800
Processing by BlogsController#change_password as HTML
  [1m[35mUser Load (0.2ms)[0m  SELECT  `users`.* FROM `users`  WHERE `users`.`id` = 1 LIMIT 1
  Rendered blogs/_set_sidebar.html.haml (0.7ms)
  Rendered blogs/change_password.html.haml within layouts/application (5.8ms)
  [1m[36mBlogInfo Load (0.2ms)[0m  [1mSELECT  `blog_info`.* FROM `blog_info`   ORDER BY `blog_info`.`id` ASC LIMIT 1[0m
  [1m[35mCACHE (0.0ms)[0m  SELECT  `blog_info`.* FROM `blog_info`   ORDER BY `blog_info`.`id` ASC LIMIT 1
  Rendered layouts/_footer.html.haml (0.1ms)
Completed 200 OK in 23ms (Views: 21.6ms | ActiveRecord: 0.4ms)


Started GET "/" for 127.0.0.1 at 2014-11-01 21:47:24 +0800
Processing by BlogsController#index as HTML
  [1m[36mUser Load (0.2ms)[0m  [1mSELECT  `users`.* FROM `users`  WHERE `users`.`id` = 1 LIMIT 1[0m
  [1m[35mArticle Load (0.2ms)[0m  SELECT  `articles`.* FROM `articles`   ORDER BY updated_at desc LIMIT 10
  Rendered articles/_article.html.haml (0.6ms)
  Rendered articles/_articles.html.haml (1.9ms)
  [1m[36mArticleComment Load (0.1ms)[0m  [1mSELECT  `article_comments`.* FROM `article_comments`   ORDER BY updated_at desc LIMIT 10[0m
  Rendered blogs/index.html.haml within layouts/application (3.1ms)
  [1m[35mBlogInfo Load (0.1ms)[0m  SELECT  `blog_info`.* FROM `blog_info`   ORDER BY `blog_info`.`id` ASC LIMIT 1
  [1m[36mCACHE (0.0ms)[0m  [1mSELECT  `blog_info`.* FROM `blog_info`   ORDER BY `blog_info`.`id` ASC LIMIT 1[0m
  Rendered layouts/_footer.html.haml (0.1ms)
Completed 200 OK in 19ms (Views: 17.0ms | ActiveRecord: 0.6ms)


Started GET "/blogs/set" for 127.0.0.1 at 2014-11-01 21:57:32 +0800
Processing by BlogsController#set as HTML
  [1m[35mUser Load (0.2ms)[0m  SELECT  `users`.* FROM `users`  WHERE `users`.`id` = 1 LIMIT 1
  Rendered blogs/_set_sidebar.html.haml (0.7ms)
  Rendered blogs/set.html.haml within layouts/application (2.8ms)
  [1m[36mBlogInfo Load (0.2ms)[0m  [1mSELECT  `blog_info`.* FROM `blog_info`   ORDER BY `blog_info`.`id` ASC LIMIT 1[0m
  [1m[35mCACHE (0.0ms)[0m  SELECT  `blog_info`.* FROM `blog_info`   ORDER BY `blog_info`.`id` ASC LIMIT 1
  Rendered layouts/_footer.html.haml (0.1ms)
Completed 200 OK in 19ms (Views: 17.7ms | ActiveRecord: 0.4ms)


Started GET "/blogs/set" for 127.0.0.1 at 2014-11-01 21:58:24 +0800
Processing by BlogsController#set as HTML
  [1m[36mUser Load (0.8ms)[0m  [1mSELECT  `users`.* FROM `users`  WHERE `users`.`id` = 1 LIMIT 1[0m
  Rendered blogs/_set_sidebar.html.haml (0.8ms)
  Rendered blogs/set.html.haml within layouts/application (2.5ms)
  [1m[35mBlogInfo Load (0.2ms)[0m  SELECT  `blog_info`.* FROM `blog_info`   ORDER BY `blog_info`.`id` ASC LIMIT 1
  [1m[36mCACHE (0.0ms)[0m  [1mSELECT  `blog_info`.* FROM `blog_info`   ORDER BY `blog_info`.`id` ASC LIMIT 1[0m
  Rendered layouts/_footer.html.haml (1.1ms)
Completed 200 OK in 20ms (Views: 17.5ms | ActiveRecord: 1.0ms)


Started GET "/" for 127.0.0.1 at 2014-11-01 21:58:27 +0800
Processing by BlogsController#index as HTML
  [1m[35mUser Load (0.3ms)[0m  SELECT  `users`.* FROM `users`  WHERE `users`.`id` = 1 LIMIT 1
  [1m[36mArticle Load (0.3ms)[0m  [1mSELECT  `articles`.* FROM `articles`   ORDER BY updated_at desc LIMIT 10[0m
  Rendered articles/_article.html.haml (0.6ms)
  Rendered articles/_articles.html.haml (2.7ms)
  [1m[35mArticleComment Load (0.2ms)[0m  SELECT  `article_comments`.* FROM `article_comments`   ORDER BY updated_at desc LIMIT 10
  Rendered blogs/index.html.haml within layouts/application (4.2ms)
  [1m[36mBlogInfo Load (0.1ms)[0m  [1mSELECT  `blog_info`.* FROM `blog_info`   ORDER BY `blog_info`.`id` ASC LIMIT 1[0m
  [1m[35mCACHE (0.0ms)[0m  SELECT  `blog_info`.* FROM `blog_info`   ORDER BY `blog_info`.`id` ASC LIMIT 1
  Rendered layouts/_footer.html.haml (1.0ms)
Completed 200 OK in 21ms (Views: 19.1ms | ActiveRecord: 0.9ms)


Started GET "/blogs/about" for 127.0.0.1 at 2014-11-01 21:58:47 +0800
Processing by BlogsController#about as HTML
  [1m[36mUser Load (0.2ms)[0m  [1mSELECT  `users`.* FROM `users`  WHERE `users`.`id` = 1 LIMIT 1[0m
  [1m[35mBlogInfo Load (0.1ms)[0m  SELECT  `blog_info`.* FROM `blog_info`   ORDER BY `blog_info`.`id` ASC LIMIT 1
  Rendered blogs/about.html.haml within layouts/application (0.1ms)
  [1m[36mCACHE (0.0ms)[0m  [1mSELECT  `blog_info`.* FROM `blog_info`   ORDER BY `blog_info`.`id` ASC LIMIT 1[0m
  [1m[35mCACHE (0.0ms)[0m  SELECT  `blog_info`.* FROM `blog_info`   ORDER BY `blog_info`.`id` ASC LIMIT 1
  Rendered layouts/_footer.html.haml (0.1ms)
Completed 200 OK in 16ms (Views: 14.3ms | ActiveRecord: 0.4ms)
